1764666194.822646 client started (6866): version 3.6, socket /tmp/tmux-1000/default, protocol 8
1764666194.822693 on Linux 6.6.54_1 #1 SMP PREEMPT_DYNAMIC Fri Oct  4 21:30:04 UTC 2024
1764666194.822702 using libevent 2.1.12-stable poll
1764666194.822707 using ncurses 6.4 20240113
1764666194.822732 flags are 0x10010000
1764666194.822737 socket is /tmp/tmux-1000/default
1764666194.822753 trying connect
1764666194.822795 add peer 0x559d8a800110: 6 ((nil))
1764666194.823182 sending message 111 to peer 0x559d8a800110 (8 bytes)
1764666194.823194 sending message 111 to peer 0x559d8a800110 (8 bytes)
1764666194.823200 sending message 101 to peer 0x559d8a800110 (16 bytes)
1764666194.823205 sending message 109 to peer 0x559d8a800110 (4 bytes)
1764666194.823210 sending message 102 to peer 0x559d8a800110 (11 bytes)
1764666194.823215 sending message 108 to peer 0x559d8a800110 (21 bytes)
1764666194.823220 sending message 112 to peer 0x559d8a800110 (70 bytes)
1764666194.823224 sending message 112 to peer 0x559d8a800110 (5 bytes)
1764666194.823229 sending message 112 to peer 0x559d8a800110 (5 bytes)
1764666194.823233 sending message 112 to peer 0x559d8a800110 (6 bytes)
1764666194.823238 sending message 112 to peer 0x559d8a800110 (6 bytes)
1764666194.823242 sending message 112 to peer 0x559d8a800110 (11 bytes)
1764666194.823247 sending message 112 to peer 0x559d8a800110 (10 bytes)
1764666194.823251 sending message 112 to peer 0x559d8a800110 (13 bytes)
1764666194.823256 sending message 112 to peer 0x559d8a800110 (13 bytes)
1764666194.823261 sending message 112 to peer 0x559d8a800110 (18 bytes)
1764666194.823265 sending message 112 to peer 0x559d8a800110 (11 bytes)
1764666194.823269 sending message 112 to peer 0x559d8a800110 (21 bytes)
1764666194.823274 sending message 112 to peer 0x559d8a800110 (13 bytes)
1764666194.823279 sending message 112 to peer 0x559d8a800110 (7 bytes)
1764666194.823283 sending message 112 to peer 0x559d8a800110 (13 bytes)
1764666194.823288 sending message 112 to peer 0x559d8a800110 (7 bytes)
1764666194.823292 sending message 112 to peer 0x559d8a800110 (13 bytes)
1764666194.823297 sending message 112 to peer 0x559d8a800110 (9 bytes)
1764666194.823302 sending message 112 to peer 0x559d8a800110 (21 bytes)
1764666194.823306 sending message 112 to peer 0x559d8a800110 (13 bytes)
1764666194.823311 sending message 112 to peer 0x559d8a800110 (8 bytes)
1764666194.823316 sending message 112 to peer 0x559d8a800110 (12 bytes)
1764666194.823320 sending message 112 to peer 0x559d8a800110 (13 bytes)
1764666194.823325 sending message 112 to peer 0x559d8a800110 (9 bytes)
1764666194.823330 sending message 112 to peer 0x559d8a800110 (9 bytes)
1764666194.823335 sending message 112 to peer 0x559d8a800110 (12 bytes)
1764666194.823339 sending message 112 to peer 0x559d8a800110 (8 bytes)
1764666194.823344 sending message 112 to peer 0x559d8a800110 (7 bytes)
1764666194.823348 sending message 112 to peer 0x559d8a800110 (7 bytes)
1764666194.823353 sending message 112 to peer 0x559d8a800110 (9 bytes)
1764666194.823357 sending message 112 to peer 0x559d8a800110 (13 bytes)
1764666194.823362 sending message 112 to peer 0x559d8a800110 (9 bytes)
1764666194.823366 sending message 112 to peer 0x559d8a800110 (15 bytes)
1764666194.823370 sending message 112 to peer 0x559d8a800110 (13 bytes)
1764666194.823375 sending message 112 to peer 0x559d8a800110 (12 bytes)
1764666194.823380 sending message 112 to peer 0x559d8a800110 (8 bytes)
1764666194.823385 sending message 112 to peer 0x559d8a800110 (14 bytes)
1764666194.823389 sending message 112 to peer 0x559d8a800110 (9 bytes)
1764666194.823439 sending message 112 to peer 0x559d8a800110 (10 bytes)
1764666194.823458 sending message 112 to peer 0x559d8a800110 (10 bytes)
1764666194.823465 sending message 112 to peer 0x559d8a800110 (10 bytes)
1764666194.823473 sending message 112 to peer 0x559d8a800110 (10 bytes)
1764666194.823478 sending message 112 to peer 0x559d8a800110 (11 bytes)
1764666194.823482 sending message 112 to peer 0x559d8a800110 (10 bytes)
1764666194.823487 sending message 112 to peer 0x559d8a800110 (8 bytes)
1764666194.823502 sending message 112 to peer 0x559d8a800110 (11 bytes)
1764666194.823507 sending message 112 to peer 0x559d8a800110 (11 bytes)
1764666194.823511 sending message 112 to peer 0x559d8a800110 (11 bytes)
1764666194.823517 sending message 112 to peer 0x559d8a800110 (8 bytes)
1764666194.823525 sending message 112 to peer 0x559d8a800110 (8 bytes)
1764666194.823532 sending message 112 to peer 0x559d8a800110 (8 bytes)
1764666194.823538 sending message 112 to peer 0x559d8a800110 (10 bytes)
1764666194.823544 sending message 112 to peer 0x559d8a800110 (10 bytes)
1764666194.823551 sending message 112 to peer 0x559d8a800110 (10 bytes)
1764666194.823558 sending message 112 to peer 0x559d8a800110 (10 bytes)
1764666194.823564 sending message 112 to peer 0x559d8a800110 (10 bytes)
1764666194.823570 sending message 112 to peer 0x559d8a800110 (11 bytes)
1764666194.823577 sending message 112 to peer 0x559d8a800110 (11 bytes)
1764666194.823585 sending message 112 to peer 0x559d8a800110 (10 bytes)
1764666194.823592 sending message 112 to peer 0x559d8a800110 (9 bytes)
1764666194.823598 sending message 112 to peer 0x559d8a800110 (9 bytes)
1764666194.823602 sending message 112 to peer 0x559d8a800110 (12 bytes)
1764666194.823607 sending message 112 to peer 0x559d8a800110 (9 bytes)
1764666194.823611 sending message 112 to peer 0x559d8a800110 (6 bytes)
1764666194.823616 sending message 112 to peer 0x559d8a800110 (13 bytes)
1764666194.823621 sending message 112 to peer 0x559d8a800110 (8 bytes)
1764666194.823625 sending message 112 to peer 0x559d8a800110 (15 bytes)
1764666194.823629 sending message 112 to peer 0x559d8a800110 (13 bytes)
1764666194.823634 sending message 112 to peer 0x559d8a800110 (70 bytes)
1764666194.823639 sending message 112 to peer 0x559d8a800110 (69 bytes)
1764666194.823643 sending message 112 to peer 0x559d8a800110 (10 bytes)
1764666194.823647 sending message 112 to peer 0x559d8a800110 (8 bytes)
1764666194.823652 sending message 112 to peer 0x559d8a800110 (15 bytes)
1764666194.823656 sending message 112 to peer 0x559d8a800110 (13 bytes)
1764666194.823661 sending message 112 to peer 0x559d8a800110 (10 bytes)
1764666194.823665 sending message 112 to peer 0x559d8a800110 (10 bytes)
1764666194.823670 sending message 112 to peer 0x559d8a800110 (5 bytes)
1764666194.823674 sending message 112 to peer 0x559d8a800110 (15 bytes)
1764666194.823680 sending message 104 to peer 0x559d8a800110 (0 bytes)
1764666194.823685 sending message 110 to peer 0x559d8a800110 (0 bytes)
1764666194.823690 sending message 107 to peer 0x559d8a800110 (4 bytes)
1764666194.823695 sending message 105 to peer 0x559d8a800110 (37 bytes)
1764666194.823699 sending message 105 to peer 0x559d8a800110 (46 bytes)
1764666194.823704 sending message 105 to peer 0x559d8a800110 (28 bytes)
1764666194.823708 sending message 105 to peer 0x559d8a800110 (20 bytes)
1764666194.823713 sending message 105 to peer 0x559d8a800110 (19 bytes)
1764666194.823717 sending message 105 to peer 0x559d8a800110 (94 bytes)
1764666194.823722 sending message 105 to peer 0x559d8a800110 (25 bytes)
1764666194.823726 sending message 105 to peer 0x559d8a800110 (13 bytes)
1764666194.823730 sending message 105 to peer 0x559d8a800110 (27 bytes)
1764666194.823735 sending message 105 to peer 0x559d8a800110 (32 bytes)
1764666194.823739 sending message 105 to peer 0x559d8a800110 (35 bytes)
1764666194.823744 sending message 105 to peer 0x559d8a800110 (35 bytes)
1764666194.823748 sending message 105 to peer 0x559d8a800110 (17 bytes)
1764666194.823752 sending message 105 to peer 0x559d8a800110 (19 bytes)
1764666194.823757 sending message 105 to peer 0x559d8a800110 (21 bytes)
1764666194.823761 sending message 105 to peer 0x559d8a800110 (19 bytes)
1764666194.823765 sending message 105 to peer 0x559d8a800110 (17 bytes)
1764666194.823770 sending message 105 to peer 0x559d8a800110 (16 bytes)
1764666194.823774 sending message 105 to peer 0x559d8a800110 (17 bytes)
1764666194.823778 sending message 105 to peer 0x559d8a800110 (18 bytes)
1764666194.823783 sending message 105 to peer 0x559d8a800110 (19 bytes)
1764666194.823792 sending message 105 to peer 0x559d8a800110 (34 bytes)
1764666194.823805 sending message 105 to peer 0x559d8a800110 (41 bytes)
1764666194.823810 sending message 105 to peer 0x559d8a800110 (25 bytes)
1764666194.823814 sending message 105 to peer 0x559d8a800110 (25 bytes)
1764666194.823818 sending message 105 to peer 0x559d8a800110 (21 bytes)
1764666194.823823 sending message 105 to peer 0x559d8a800110 (21 bytes)
1764666194.823827 sending message 105 to peer 0x559d8a800110 (28 bytes)
1764666194.823831 sending message 105 to peer 0x559d8a800110 (21 bytes)
1764666194.823835 sending message 105 to peer 0x559d8a800110 (25 bytes)
1764666194.823840 sending message 105 to peer 0x559d8a800110 (14 bytes)
1764666194.823845 sending message 105 to peer 0x559d8a800110 (1817 bytes)
1764666194.823872 sending message 105 to peer 0x559d8a800110 (45 bytes)
1764666194.823876 sending message 105 to peer 0x559d8a800110 (36 bytes)
1764666194.823881 sending message 105 to peer 0x559d8a800110 (28 bytes)
1764666194.823885 sending message 105 to peer 0x559d8a800110 (20 bytes)
1764666194.823890 sending message 105 to peer 0x559d8a800110 (368 bytes)
1764666194.823895 sending message 105 to peer 0x559d8a800110 (40 bytes)
1764666194.823899 sending message 105 to peer 0x559d8a800110 (41 bytes)
1764666194.823904 sending message 105 to peer 0x559d8a800110 (17 bytes)
1764666194.823908 sending message 105 to peer 0x559d8a800110 (25 bytes)
1764666194.823912 sending message 105 to peer 0x559d8a800110 (15 bytes)
1764666194.823917 sending message 105 to peer 0x559d8a800110 (8 bytes)
1764666194.823922 sending message 105 to peer 0x559d8a800110 (13 bytes)
1764666194.823926 sending message 105 to peer 0x559d8a800110 (22 bytes)
1764666194.823931 sending message 105 to peer 0x559d8a800110 (21 bytes)
1764666194.823935 sending message 105 to peer 0x559d8a800110 (18 bytes)
1764666194.823939 sending message 105 to peer 0x559d8a800110 (25 bytes)
1764666194.823944 sending message 105 to peer 0x559d8a800110 (35 bytes)
1764666194.823949 sending message 105 to peer 0x559d8a800110 (13 bytes)
1764666194.823953 sending message 105 to peer 0x559d8a800110 (52 bytes)
1764666194.823958 sending message 105 to peer 0x559d8a800110 (11 bytes)
1764666194.823962 sending message 105 to peer 0x559d8a800110 (22 bytes)
1764666194.823966 sending message 105 to peer 0x559d8a800110 (30 bytes)
1764666194.823971 sending message 105 to peer 0x559d8a800110 (27 bytes)
1764666194.823976 sending message 105 to peer 0x559d8a800110 (44 bytes)
1764666194.823980 sending message 105 to peer 0x559d8a800110 (17 bytes)
1764666194.823985 sending message 105 to peer 0x559d8a800110 (40 bytes)
1764666194.823990 sending message 105 to peer 0x559d8a800110 (34 bytes)
1764666194.823994 sending message 105 to peer 0x559d8a800110 (36 bytes)
1764666194.823998 sending message 105 to peer 0x559d8a800110 (39 bytes)
1764666194.824003 sending message 105 to peer 0x559d8a800110 (28 bytes)
1764666194.824007 sending message 105 to peer 0x559d8a800110 (21 bytes)
1764666194.824012 sending message 105 to peer 0x559d8a800110 (40 bytes)
1764666194.824016 sending message 105 to peer 0x559d8a800110 (22 bytes)
1764666194.824020 sending message 105 to peer 0x559d8a800110 (46 bytes)
1764666194.824025 sending message 105 to peer 0x559d8a800110 (17 bytes)
1764666194.824030 sending message 106 to peer 0x559d8a800110 (0 bytes)
1764666194.824087 sending message 200 to peer 0x559d8a800110 (4 bytes)
1764666194.824093 client loop enter
1764666194.824439 peer 0x559d8a800110 message 303
1764666194.824452 open write file 2 -
1764666194.824463 sending message 305 to peer 0x559d8a800110 (8 bytes)
1764666194.824480 write check file 2
1764666194.824527 peer 0x559d8a800110 message 304
1764666194.824533 write 58 to file 2
1764666194.824562 peer 0x559d8a800110 message 203
1764666194.824567 file 2 58 bytes left
1764666194.824586 write check file 2
1764666194.824592 client loop exit
